\BOOKMARK [0][-]{chapter.1}{\376\377\000I\000n\000t\000r\000o\000d\000u\000z\000i\000o\000n\000e}{}% 1
\BOOKMARK [1][-]{section.1.1}{\376\377\000C\000o\000n\000t\000e\000s\000t\000o}{chapter.1}% 2
\BOOKMARK [1][-]{section.1.2}{\376\377\000I\000d\000e\000a}{chapter.1}% 3
\BOOKMARK [0][-]{chapter.2}{\376\377\000P\000E\000A\000S}{}% 4
\BOOKMARK [1][-]{section.2.1}{\376\377\000S\000p\000e\000c\000i\000f\000i\000c\000h\000e}{chapter.2}% 5
\BOOKMARK [0][-]{chapter.3}{\376\377\000D\000a\000t\000a\000s\000e\000t}{}% 6
\BOOKMARK [1][-]{section.3.1}{\376\377\000C\000r\000e\000a\000z\000i\000o\000n\000e\000\040\000D\000a\000t\000a\000s\000e\000t}{chapter.3}% 7
\BOOKMARK [1][-]{section.3.2}{\376\377\000D\000a\000t\000a\000\040\000U\000n\000d\000e\000r\000s\000t\000a\000n\000d\000i\000n\000g\000,\000\040\000D\000a\000t\000a\000\040\000P\000r\000e\000p\000a\000r\000a\000t\000i\000o\000n\000\040\000\046\000\040\000D\000a\000t\000a\000\040\000C\000l\000e\000a\000n\000i\000n\000g}{chapter.3}% 8
\BOOKMARK [1][-]{section.3.3}{\376\377\000F\000e\000a\000t\000u\000r\000e\000\040\000S\000c\000a\000l\000i\000n\000g}{chapter.3}% 9
\BOOKMARK [1][-]{section.3.4}{\376\377\000F\000e\000a\000t\000u\000r\000e\000\040\000S\000e\000l\000e\000c\000t\000i\000o\000n}{chapter.3}% 10
\BOOKMARK [0][-]{chapter.4}{\376\377\000P\000r\000i\000m\000a\000\040\000S\000o\000l\000u\000z\000i\000o\000n\000e\000\040\000:\000\040\000A\000l\000g\000o\000r\000i\000t\000m\000i\000\040\000g\000e\000n\000e\000t\000i\000c\000i}{}% 11
\BOOKMARK [0][-]{chapter.5}{\376\377\000S\000e\000c\000o\000n\000d\000a\000\040\000S\000o\000l\000u\000z\000i\000o\000n\000e\000\040\000:\000\040\000A\000l\000g\000o\000r\000i\000t\000m\000o\000\040\000A\000*}{}% 12
\BOOKMARK [0][-]{chapter.6}{\376\377\000T\000e\000r\000z\000a\000\040\000S\000o\000l\000u\000z\000i\000o\000n\000e\000\040\000T\000F\000-\000I\000D\000F\000\040\000+\000\040\000s\000i\000m\000i\000l\000i\000a\000r\000i\000t\000\340\000\040\000d\000e\000l\000\040\000c\000o\000s\000e\000n\000o}{}% 13
\BOOKMARK [1][-]{section.6.1}{\376\377\000W\000o\000r\000d\000\040\000E\000m\000b\000e\000d\000d\000i\000n\000g}{chapter.6}% 14
\BOOKMARK [1][-]{section.6.2}{\376\377\000T\000F\000-\000I\000D\000F}{chapter.6}% 15
\BOOKMARK [1][-]{section.6.3}{\376\377\000W\000o\000r\000d\0002\000v\000e\000c}{chapter.6}% 16
\BOOKMARK [1][-]{section.6.4}{\376\377\000S\000i\000m\000i\000l\000a\000r\000i\000t\000\340\000\040\000d\000e\000l\000\040\000c\000o\000s\000e\000n\000o}{chapter.6}% 17
\BOOKMARK [1][-]{section.6.5}{\376\377\000K\000N\000N}{chapter.6}% 18
\BOOKMARK [0][-]{chapter.7}{\376\377\000Q\000u\000a\000r\000z\000a\000\040\000S\000o\000l\000u\000z\000i\000o\000n\000e\000\040\000:\000\040\000C\000l\000u\000s\000t\000e\000r\000i\000n\000g}{}% 19
\BOOKMARK [1][-]{section.7.1}{\376\377\000P\000r\000i\000m\000a\000\040\000S\000t\000r\000a\000t\000e\000g\000i\000a}{chapter.7}% 20
\BOOKMARK [1][-]{section.7.2}{\376\377\000S\000e\000c\000o\000n\000d\000a\000\040\000S\000t\000r\000a\000t\000e\000g\000i\000a}{chapter.7}% 21
\BOOKMARK [0][-]{chapter.8}{\376\377\000A\000p\000p}{}% 22
\BOOKMARK [1][-]{section.8.1}{\376\377\000G\000U\000I}{chapter.8}% 23
\BOOKMARK [1][-]{section.8.2}{\376\377\000I\000n\000p\000u\000t\000\040\000V\000o\000c\000a\000l\000e}{chapter.8}% 24
\BOOKMARK [0][-]{chapter.9}{\376\377\000R\000i\000f\000e\000r\000i\000m\000e\000n\000t\000i}{}% 25
